# JRE version: Java(TM) SE Runtime Environment (8.0_231-b11) (build 1.8.0_231-b11)
# Java VM: Java HotSpot(TM) 64-Bit Server VM (25.231-b11 mixed mode windows-amd64 compressed oops)
Heap:
 PSYoungGen      total 193024K, used 172745K [0x00000000eaf00000, 0x00000000fb800000, 0x0000000100000000)
  eden space 181760K, 95% used [0x00000000eaf00000,0x00000000f57b2410,0x00000000f6080000)
  from space 11264K, 0% used [0x00000000f6080000,0x00000000f6080000,0x00000000f6b80000)
  to   space 10752K, 0% used [0x00000000fad80000,0x00000000fad80000,0x00000000fb800000)
 ParOldGen       total 49664K, used 16860K [0x00000000c0c00000, 0x00000000c3c80000, 0x00000000eaf00000)
  object space 49664K, 33% used [0x00000000c0c00000,0x00000000c1c77160,0x00000000c3c80000)
 Metaspace       used 47664K, capacity 50628K, committed 50816K, reserved 1093632K
  class space    used 6680K, capacity 7202K, committed 7296K, reserved 1048576K
GC Heap History (10 events):
Event: 3.892 GC heap before
{Heap before GC invocations=9 (full 1):
 PSYoungGen      total 136704K, used 3537K [0x00000000eaf00000, 0x00000000f3d00000, 0x0000000100000000)
  eden space 129024K, 0% used [0x00000000eaf00000,0x00000000eaf00000,0x00000000f2d00000)
  from space 7680K, 46% used [0x00000000f3580000,0x00000000f38f47a0,0x00000000f3d00000)
  to   space 8192K, 0% used [0x00000000f2d00000,0x00000000f2d00000,0x00000000f3500000)
 ParOldGen       total 44032K, used 7792K [0x00000000c0c00000, 0x00000000c3700000, 0x00000000eaf00000)
  object space 44032K, 17% used [0x00000000c0c00000,0x00000000c139c250,0x00000000c3700000)
 Metaspace       used 20277K, capacity 21176K, committed 21296K, reserved 1067008K
  class space    used 2638K, capacity 2865K, committed 2944K, reserved 1048576K
Event: 3.992 GC heap after
Heap after GC invocations=9 (full 1):
 PSYoungGen      total 136704K, used 0K [0x00000000eaf00000, 0x00000000f3d00000, 0x0000000100000000)
  eden space 129024K, 0% used [0x00000000eaf00000,0x00000000eaf00000,0x00000000f2d00000)
  from space 7680K, 0% used [0x00000000f3580000,0x00000000f3580000,0x00000000f3d00000)
  to   space 8192K, 0% used [0x00000000f2d00000,0x00000000f2d00000,0x00000000f3500000)
 ParOldGen       total 30208K, used 6188K [0x00000000c0c00000, 0x00000000c2980000, 0x00000000eaf00000)
  object space 30208K, 20% used [0x00000000c0c00000,0x00000000c120b308,0x00000000c2980000)
 Metaspace       used 20277K, capacity 21176K, committed 21296K, reserved 1067008K
  class space    used 2638K, capacity 2865K, committed 2944K, reserved 1048576K
}
Event: 5.965 GC heap before
{Heap before GC invocations=10 (full 1):
 PSYoungGen      total 136704K, used 129024K [0x00000000eaf00000, 0x00000000f3d00000, 0x0000000100000000)
  eden space 129024K, 100% used [0x00000000eaf00000,0x00000000f2d00000,0x00000000f2d00000)
  from space 7680K, 0% used [0x00000000f3580000,0x00000000f3580000,0x00000000f3d00000)
  to   space 8192K, 0% used [0x00000000f2d00000,0x00000000f2d00000,0x00000000f3500000)
 ParOldGen       total 30208K, used 6188K [0x00000000c0c00000, 0x00000000c2980000, 0x00000000eaf00000)
  object space 30208K, 20% used [0x00000000c0c00000,0x00000000c120b308,0x00000000c2980000)
 Metaspace       used 25497K, capacity 27076K, committed 27264K, reserved 1073152K
  class space    used 3489K, capacity 3846K, committed 3968K, reserved 1048576K
Event: 5.982 GC heap after
Heap after GC invocations=10 (full 1):
 PSYoungGen      total 137216K, used 8186K [0x00000000eaf00000, 0x00000000f7780000, 0x0000000100000000)
  eden space 129024K, 0% used [0x00000000eaf00000,0x00000000eaf00000,0x00000000f2d00000)
  from space 8192K, 99% used [0x00000000f2d00000,0x00000000f34fe8d0,0x00000000f3500000)
  to   space 10240K, 0% used [0x00000000f6d80000,0x00000000f6d80000,0x00000000f7780000)
 ParOldGen       total 30208K, used 8298K [0x00000000c0c00000, 0x00000000c2980000, 0x00000000eaf00000)
  object space 30208K, 27% used [0x00000000c0c00000,0x00000000c141aab0,0x00000000c2980000)
 Metaspace       used 25497K, capacity 27076K, committed 27264K, reserved 1073152K
  class space    used 3489K, capacity 3846K, committed 3968K, reserved 1048576K
}
Event: 7.008 GC heap before
{Heap before GC invocations=11 (full 1):
 PSYoungGen      total 137216K, used 137210K [0x00000000eaf00000, 0x00000000f7780000, 0x0000000100000000)
  eden space 129024K, 100% used [0x00000000eaf00000,0x00000000f2d00000,0x00000000f2d00000)
  from space 8192K, 99% used [0x00000000f2d00000,0x00000000f34fe8d0,0x00000000f3500000)
  to   space 10240K, 0% used [0x00000000f6d80000,0x00000000f6d80000,0x00000000f7780000)
 ParOldGen       total 30208K, used 8298K [0x00000000c0c00000, 0x00000000c2980000, 0x00000000eaf00000)
  object space 30208K, 27% used [0x00000000c0c00000,0x00000000c141aab0,0x00000000c2980000)
 Metaspace       used 29224K, capacity 31262K, committed 31488K, reserved 1077248K
  class space    used 3948K, capacity 4339K, committed 4352K, reserved 1048576K
Event: 7.022 GC heap after
Heap after GC invocations=11 (full 1):
 PSYoungGen      total 190464K, used 8952K [0x00000000eaf00000, 0x00000000f7680000, 0x0000000100000000)
  eden space 181248K, 0% used [0x00000000eaf00000,0x00000000eaf00000,0x00000000f6000000)
  from space 9216K, 97% used [0x00000000f6d80000,0x00000000f763e330,0x00000000f7680000)
  to   space 11264K, 0% used [0x00000000f6080000,0x00000000f6080000,0x00000000f6b80000)
 ParOldGen       total 30208K, used 8298K [0x00000000c0c00000, 0x00000000c2980000, 0x00000000eaf00000)
  object space 30208K, 27% used [0x00000000c0c00000,0x00000000c141aab0,0x00000000c2980000)
 Metaspace       used 29224K, capacity 31262K, committed 31488K, reserved 1077248K
  class space    used 3948K, capacity 4339K, committed 4352K, reserved 1048576K
}
Event: 8.376 GC heap before
{Heap before GC invocations=12 (full 1):
 PSYoungGen      total 190464K, used 61601K [0x00000000eaf00000, 0x00000000f7680000, 0x0000000100000000)
  eden space 181248K, 29% used [0x00000000eaf00000,0x00000000ee26a430,0x00000000f6000000)
  from space 9216K, 97% used [0x00000000f6d80000,0x00000000f763e330,0x00000000f7680000)
  to   space 11264K, 0% used [0x00000000f6080000,0x00000000f6080000,0x00000000f6b80000)
 ParOldGen       total 30208K, used 8298K [0x00000000c0c00000, 0x00000000c2980000, 0x00000000eaf00000)
  object space 30208K, 27% used [0x00000000c0c00000,0x00000000c141aab0,0x00000000c2980000)
 Metaspace       used 33322K, capacity 35470K, committed 35496K, reserved 1079296K
  class space    used 4430K, capacity 4851K, committed 4864K, reserved 1048576K
Event: 8.398 GC heap after
Heap after GC invocations=12 (full 1):
 PSYoungGen      total 193024K, used 5832K [0x00000000eaf00000, 0x00000000fb800000, 0x0000000100000000)
  eden space 181760K, 0% used [0x00000000eaf00000,0x00000000eaf00000,0x00000000f6080000)
  from space 11264K, 51% used [0x00000000f6080000,0x00000000f6632128,0x00000000f6b80000)
  to   space 10752K, 0% used [0x00000000fad80000,0x00000000fad80000,0x00000000fb800000)
 ParOldGen       total 30208K, used 14670K [0x00000000c0c00000, 0x00000000c2980000, 0x00000000eaf00000)
  object space 30208K, 48% used [0x00000000c0c00000,0x00000000c1a53a90,0x00000000c2980000)
 Metaspace       used 33322K, capacity 35470K, committed 35496K, reserved 1079296K
  class space    used 4430K, capacity 4851K, committed 4864K, reserved 1048576K
}
Event: 8.398 GC heap before
{Heap before GC invocations=13 (full 2):
 PSYoungGen      total 193024K, used 5832K [0x00000000eaf00000, 0x00000000fb800000, 0x0000000100000000)
  eden space 181760K, 0% used [0x00000000eaf00000,0x00000000eaf00000,0x00000000f6080000)
  from space 11264K, 51% used [0x00000000f6080000,0x00000000f6632128,0x00000000f6b80000)
  to   space 10752K, 0% used [0x00000000fad80000,0x00000000fad80000,0x00000000fb800000)
 ParOldGen       total 30208K, used 14670K [0x00000000c0c00000, 0x00000000c2980000, 0x00000000eaf00000)
  object space 30208K, 48% used [0x00000000c0c00000,0x00000000c1a53a90,0x00000000c2980000)
 Metaspace       used 33322K, capacity 35470K, committed 35496K, reserved 1079296K
  class space    used 4430K, capacity 4851K, committed 4864K, reserved 1048576K
Event: 8.476 GC heap after
Heap after GC invocations=13 (full 2):
 PSYoungGen      total 193024K, used 0K [0x00000000eaf00000, 0x00000000fb800000, 0x0000000100000000)
  eden space 181760K, 0% used [0x00000000eaf00000,0x00000000eaf00000,0x00000000f6080000)
  from space 11264K, 0% used [0x00000000f6080000,0x00000000f6080000,0x00000000f6b80000)
  to   space 10752K, 0% used [0x00000000fad80000,0x00000000fad80000,0x00000000fb800000)
 ParOldGen       total 49664K, used 16860K [0x00000000c0c00000, 0x00000000c3c80000, 0x00000000eaf00000)
  object space 49664K, 33% used [0x00000000c0c00000,0x00000000c1c77160,0x00000000c3c80000)
 Metaspace       used 33322K, capacity 35470K, committed 35496K, reserved 1079296K
  class space    used 4430K, capacity 4851K, committed 4864K, reserved 1048576K
}

